2018-01-25 17:14:15 [scrapy.utils.log] INFO: Scrapy 1.4.0 started (bot: CORDIS)
2018-01-25 17:14:15 [scrapy.utils.log] INFO: Overridden settings: {'NEWSPIDER_MODULE': 'CORDIS.spiders', 'ROBOTSTXT_OBEY': True, 'SPIDER_MODULES': ['CORDIS.spiders'], 'LOG_FILE': 'item.log', 'BOT_NAME': 'CORDIS'}
2018-01-25 17:14:15 [scrapy.middleware] INFO: Enabled extensions:
['scrapy.extensions.memusage.MemoryUsage',
 'scrapy.extensions.logstats.LogStats',
 'scrapy.extensions.telnet.TelnetConsole',
 'scrapy.extensions.corestats.CoreStats']
2018-01-25 17:14:15 [scrapy.middleware] INFO: Enabled downloader middlewares:
['scrapy.downloadermiddlewares.robotstxt.RobotsTxtMiddleware',
 'scrapy.downloadermiddlewares.httpauth.HttpAuthMiddleware',
 'scrapy.downloadermiddlewares.downloadtimeout.DownloadTimeoutMiddleware',
 'scrapy.downloadermiddlewares.defaultheaders.DefaultHeadersMiddleware',
 'scrapy.downloadermiddlewares.useragent.UserAgentMiddleware',
 'scrapy.downloadermiddlewares.retry.RetryMiddleware',
 'scrapy.downloadermiddlewares.redirect.MetaRefreshMiddleware',
 'scrapy.downloadermiddlewares.httpcompression.HttpCompressionMiddleware',
 'scrapy.downloadermiddlewares.redirect.RedirectMiddleware',
 'scrapy.downloadermiddlewares.cookies.CookiesMiddleware',
 'scrapy.downloadermiddlewares.httpproxy.HttpProxyMiddleware',
 'scrapy.downloadermiddlewares.stats.DownloaderStats']
2018-01-25 17:14:15 [scrapy.middleware] INFO: Enabled spider middlewares:
['scrapy.spidermiddlewares.httperror.HttpErrorMiddleware',
 'scrapy.spidermiddlewares.offsite.OffsiteMiddleware',
 'scrapy.spidermiddlewares.referer.RefererMiddleware',
 'scrapy.spidermiddlewares.urllength.UrlLengthMiddleware',
 'scrapy.spidermiddlewares.depth.DepthMiddleware']
2018-01-25 17:14:15 [scrapy.middleware] INFO: Enabled item pipelines:
[]
2018-01-25 17:14:15 [scrapy.core.engine] INFO: Spider opened
2018-01-25 17:14:15 [scrapy.extensions.logstats] INFO: Crawled 0 pages (at 0 pages/min), scraped 0 items (at 0 items/min)
2018-01-25 17:14:15 [scrapy.extensions.telnet] DEBUG: Telnet console listening on 127.0.0.1:6024
2018-01-25 17:14:15 [scrapy.core.engine] DEBUG: Crawled (200) <GET http://cordis.europa.eu/robots.txt> (referer: None)
2018-01-25 17:14:16 [scrapy.core.engine] DEBUG: Crawled (200) <GET http://cordis.europa.eu/project/rcn/210216_en.html> (referer: None)
2018-01-25 17:14:16 [scrapy.core.scraper] ERROR: Spider error processing <GET http://cordis.europa.eu/project/rcn/210216_en.html> (referer: None)
Traceback (most recent call last):
  File "/home/shardy/.local/lib/python2.7/site-packages/twisted/internet/defer.py", line 653, in _runCallbacks
    current.result = callback(current.result, *args, **kw)
  File "/home/shardy/Documents/Scrapy/tutorial/CORDIS/CORDIS/spiders/cordis_spider.py", line 16, in parse
    item['Topic(s)'] = response.xpath('//*[@id="dynamiccontent"]/div[3]/div/div[2]/div[1]/a/text()').extract()
  File "/usr/lib/python2.7/site-packages/Scrapy-1.4.0-py2.7.egg/scrapy/item.py", line 66, in __setitem__
    (self.__class__.__name__, key))
KeyError: 'CordisItem does not support field: Topic(s)'
2018-01-25 17:14:16 [scrapy.core.engine] INFO: Closing spider (finished)
2018-01-25 17:14:16 [scrapy.statscollectors] INFO: Dumping Scrapy stats:
{'downloader/request_bytes': 464,
 'downloader/request_count': 2,
 'downloader/request_method_count/GET': 2,
 'downloader/response_bytes': 11432,
 'downloader/response_count': 2,
 'downloader/response_status_count/200': 2,
 'finish_reason': 'finished',
 'finish_time': datetime.datetime(2018, 1, 25, 16, 14, 16, 283329),
 'log_count/DEBUG': 3,
 'log_count/ERROR': 1,
 'log_count/INFO': 7,
 'memusage/max': 55934976,
 'memusage/startup': 55934976,
 'response_received_count': 2,
 'scheduler/dequeued': 1,
 'scheduler/dequeued/memory': 1,
 'scheduler/enqueued': 1,
 'scheduler/enqueued/memory': 1,
 'spider_exceptions/KeyError': 1,
 'start_time': datetime.datetime(2018, 1, 25, 16, 14, 15, 368869)}
2018-01-25 17:14:16 [scrapy.core.engine] INFO: Spider closed (finished)
